<?xml version="1.0" encoding="UTF-8"?>
<testsuite xmlns:xsi="http://www.w3.org/2001/XMLSchema-instance" xsi:noNamespaceSchemaLocation="https://maven.apache.org/surefire/maven-surefire-plugin/xsd/surefire-test-report-3.0.xsd" version="3.0" name="com.javan.dev.TestMapComponent" time="0.589" tests="4" errors="0" skipped="0" failures="0">
  <properties>
[...]
</properties>
  <testcase name="testGetIsCampusMapReturnsTrue" classname="com.javan.dev.TestMapComponent" time="0.299"/>
  <testcase name="testGetInstanceReturnsSameInstance" classname="com.javan.dev.TestMapComponent" time="0"/>
  <testcase name="testGetMapPanelReturnsNonNullJPanel" classname="com.javan.dev.TestMapComponent" time="0.001"/>
  <testcase name="testGetCurrentMapIDReturns0" classname="com.javan.dev.TestMapComponent" time="0.286"/>
</testsuite>