<?xml version="1.0" encoding="UTF-8"?>
<testsuite xmlns:xsi="http://www.w3.org/2001/XMLSchema-instance" xsi:noNamespaceSchemaLocation="https://maven.apache.org/surefire/maven-surefire-plugin/xsd/surefire-test-report.xsd" name="com.javan.dev.TestPointOfInterest" time="0.011" tests="4" errors="0" skipped="0" failures="0">
  <properties>
[...]
</properties>
  <testcase name="testGetIsFavourited" classname="com.javan.dev.TestPointOfInterest" time="0.002"/>
  <testcase name="testSetters" classname="com.javan.dev.TestPointOfInterest" time="0.002"/>
  <testcase name="testToJSON" classname="com.javan.dev.TestPointOfInterest" time="0.002"/>
  <testcase name="testConstructor" classname="com.javan.dev.TestPointOfInterest" time="0.004"/>
</testsuite>